<?xml version="1.0" encoding="UTF-8"?>
<!-- Generated by org.testng.reporters.JUnitReportReporter -->
<testsuite name="MainIndependent" tests="46" time="364.640" ignored="0" failures="3" timestamp="02 Feb 2017 11:01:54 GMT" skipped="0" hostname="EPBYBREW0280" errors="0">
  <testcase name="MainMenuItemsContTest" time="7.691" classname="MainIndependent"/>
  <testcase name="DetailsFollowTest" time="3.679" classname="MainIndependent"/>
  <testcase name="SubMenuItemsTest" time="2.390" classname="MainIndependent"/>
  <testcase name="DetailsFollowTest" time="7.048" classname="MainIndependent"/>
  <testcase name="AuthorsLinkTest" time="5.210" classname="MainIndependent"/>
  <testcase name="SearchTestUrl" time="6.158" classname="MainIndependent"/>
  <testcase name="SearchTestPhoto" time="9.821" classname="MainIndependent"/>
  <testcase name="DetailsRightsTest" time="6.842" classname="MainIndependent"/>
  <testcase name="GalleriesTestItems" time="9.537" classname="MainIndependent"/>
  <testcase name="GroupsTestRecommendedGroups" time="4.113" classname="MainIndependent"/>
  <testcase name="MainMenuItemsTest" time="3.003" classname="MainIndependent"/>
  <testcase name="DetailsTitleTest" time="6.698" classname="MainIndependent"/>
  <testcase name="SearchTestUrl" time="4.390" classname="MainIndependent"/>
  <testcase name="GalleriesTestURL" time="8.907" classname="MainIndependent"/>
  <testcase name="GroupsTestURL" time="7.696" classname="MainIndependent"/>
  <testcase name="DetailsAuthorTest" time="3.256" classname="MainIndependent"/>
  <testcase name="MainMenuItemsTest" time="10.143" classname="MainIndependent"/>
  <testcase name="DetailsNumbersTest" time="3.599" classname="MainIndependent"/>
  <testcase name="SubMenuItemsTest" time="7.333" classname="MainIndependent"/>
  <testcase name="SearchTestPhoto" time="11.241" classname="MainIndependent">
    <failure type="java.lang.AssertionError" message="Your search returned incorrect results, possibly due Firefox!   expected [true] but found [false]">
      <![CDATA[java.lang.AssertionError: Your search returned incorrect results, possibly due Firefox!   expected [true] but found [false]
	at org.testng.Assert.fail(Assert.java:94)
	at org.testng.Assert.failNotEquals(Assert.java:513)
	at org.testng.Assert.assertEqualsImpl(Assert.java:135)
	at org.testng.Assert.assertEquals(Assert.java:116)
	at org.testng.Assert.assertEquals(Assert.java:305)
	at MainIndependent.SearchTestPhoto(MainIndependent.java:253)
	at sun.reflect.NativeMethodAccessorImpl.invoke0(Native Method)
	at sun.reflect.NativeMethodAccessorImpl.invoke(NativeMethodAccessorImpl.java:62)
	at sun.reflect.DelegatingMethodAccessorImpl.invoke(DelegatingMethodAccessorImpl.java:43)
	at java.lang.reflect.Method.invoke(Method.java:498)
	at org.testng.internal.MethodInvocationHelper.invokeMethod(MethodInvocationHelper.java:104)
	at org.testng.internal.Invoker.invokeMethod(Invoker.java:645)
	at org.testng.internal.Invoker.invokeTestMethod(Invoker.java:851)
	at org.testng.internal.Invoker.invokeTestMethods(Invoker.java:1177)
	at org.testng.internal.TestMethodWorker.invokeTestMethods(TestMethodWorker.java:129)
	at org.testng.internal.TestMethodWorker.run(TestMethodWorker.java:112)
	at org.testng.TestRunner.privateRun(TestRunner.java:756)
	at org.testng.TestRunner.run(TestRunner.java:610)
	at org.testng.SuiteRunner.runTest(SuiteRunner.java:387)
	at org.testng.SuiteRunner.access$000(SuiteRunner.java:39)
	at org.testng.SuiteRunner$SuiteWorker.run(SuiteRunner.java:421)
	at org.testng.internal.thread.ThreadUtil$2.call(ThreadUtil.java:64)
	at java.util.concurrent.FutureTask.run(FutureTask.java:266)
	at java.util.concurrent.ThreadPoolExecutor.runWorker(ThreadPoolExecutor.java:1142)
	at java.util.concurrent.ThreadPoolExecutor$Worker.run(ThreadPoolExecutor.java:617)
	at java.lang.Thread.run(Thread.java:745)
]]>
    </failure>
  </testcase> <!-- SearchTestPhoto -->
  <testcase name="GalleriesTestItems" time="2.884" classname="MainIndependent"/>
  <testcase name="AlbumTest" time="33.599" classname="MainIndependent"/>
  <testcase name="YouLinkAndNameTest" time="9.421" classname="MainIndependent"/>
  <testcase name="NavigateToDetailsTest" time="7.792" classname="MainIndependent"/>
  <testcase name="GalleriesTestURL" time="8.804" classname="MainIndependent"/>
  <testcase name="GroupsTestURL" time="12.035" classname="MainIndependent"/>
  <testcase name="YouLinkAndNameTest" time="5.205" classname="MainIndependent"/>
  <testcase name="DetailsRightsTest" time="3.222" classname="MainIndependent"/>
  <testcase name="MainPageTitleTest" time="5.934" classname="MainIndependent"/>
  <testcase name="DetailsTagsTest" time="7.010" classname="MainIndependent"/>
  <testcase name="DetailsCameraTest" time="3.419" classname="MainIndependent"/>
  <testcase name="DetailsCameraTest" time="6.715" classname="MainIndependent"/>
  <testcase name="DetailsTagsTest" time="3.538" classname="MainIndependent"/>
  <testcase name="DetailsTitleTest" time="3.282" classname="MainIndependent"/>
  <testcase name="DetailsDateTest" time="3.288" classname="MainIndependent"/>
  <testcase name="DetailsNumbersTest" time="7.939" classname="MainIndependent"/>
  <testcase name="ExploreLinkAndPhotoTest" time="24.571" classname="MainIndependent">
    <failure type="java.lang.AssertionError" message="Not each photo passes test! expected [50] but found [20]">
      <![CDATA[java.lang.AssertionError: Not each photo passes test! expected [50] but found [20]
	at org.testng.Assert.fail(Assert.java:94)
	at org.testng.Assert.failNotEquals(Assert.java:513)
	at org.testng.Assert.assertEqualsImpl(Assert.java:135)
	at org.testng.Assert.assertEquals(Assert.java:116)
	at org.testng.Assert.assertEquals(Assert.java:389)
	at MainIndependent.ExploreLinkAndPhotoTest(MainIndependent.java:69)
	at sun.reflect.NativeMethodAccessorImpl.invoke0(Native Method)
	at sun.reflect.NativeMethodAccessorImpl.invoke(NativeMethodAccessorImpl.java:62)
	at sun.reflect.DelegatingMethodAccessorImpl.invoke(DelegatingMethodAccessorImpl.java:43)
	at java.lang.reflect.Method.invoke(Method.java:498)
	at org.testng.internal.MethodInvocationHelper.invokeMethod(MethodInvocationHelper.java:104)
	at org.testng.internal.Invoker.invokeMethod(Invoker.java:645)
	at org.testng.internal.Invoker.invokeTestMethod(Invoker.java:851)
	at org.testng.internal.Invoker.invokeTestMethods(Invoker.java:1177)
	at org.testng.internal.TestMethodWorker.invokeTestMethods(TestMethodWorker.java:129)
	at org.testng.internal.TestMethodWorker.run(TestMethodWorker.java:112)
	at org.testng.TestRunner.privateRun(TestRunner.java:756)
	at org.testng.TestRunner.run(TestRunner.java:610)
	at org.testng.SuiteRunner.runTest(SuiteRunner.java:387)
	at org.testng.SuiteRunner.access$000(SuiteRunner.java:39)
	at org.testng.SuiteRunner$SuiteWorker.run(SuiteRunner.java:421)
	at org.testng.internal.thread.ThreadUtil$2.call(ThreadUtil.java:64)
	at java.util.concurrent.FutureTask.run(FutureTask.java:266)
	at java.util.concurrent.ThreadPoolExecutor.runWorker(ThreadPoolExecutor.java:1142)
	at java.util.concurrent.ThreadPoolExecutor$Worker.run(ThreadPoolExecutor.java:617)
	at java.lang.Thread.run(Thread.java:745)
]]>
    </failure>
  </testcase> <!-- ExploreLinkAndPhotoTest -->
  <testcase name="MainMenuItemsContTest" time="2.615" classname="MainIndependent"/>
  <testcase name="MainPageTitleTest" time="3.555" classname="MainIndependent"/>
  <testcase name="DetailsAuthorTest" time="6.474" classname="MainIndependent"/>
  <testcase name="GroupsTestRecommendedGroups" time="4.555" classname="MainIndependent"/>
  <testcase name="ExploreLinkAndPhotoTest" time="13.467" classname="MainIndependent">
    <failure type="java.lang.AssertionError" message="Not each photo passes test! expected [50] but found [20]">
      <![CDATA[java.lang.AssertionError: Not each photo passes test! expected [50] but found [20]
	at org.testng.Assert.fail(Assert.java:94)
	at org.testng.Assert.failNotEquals(Assert.java:513)
	at org.testng.Assert.assertEqualsImpl(Assert.java:135)
	at org.testng.Assert.assertEquals(Assert.java:116)
	at org.testng.Assert.assertEquals(Assert.java:389)
	at MainIndependent.ExploreLinkAndPhotoTest(MainIndependent.java:69)
	at sun.reflect.NativeMethodAccessorImpl.invoke0(Native Method)
	at sun.reflect.NativeMethodAccessorImpl.invoke(NativeMethodAccessorImpl.java:62)
	at sun.reflect.DelegatingMethodAccessorImpl.invoke(DelegatingMethodAccessorImpl.java:43)
	at java.lang.reflect.Method.invoke(Method.java:498)
	at org.testng.internal.MethodInvocationHelper.invokeMethod(MethodInvocationHelper.java:104)
	at org.testng.internal.Invoker.invokeMethod(Invoker.java:645)
	at org.testng.internal.Invoker.invokeTestMethod(Invoker.java:851)
	at org.testng.internal.Invoker.invokeTestMethods(Invoker.java:1177)
	at org.testng.internal.TestMethodWorker.invokeTestMethods(TestMethodWorker.java:129)
	at org.testng.internal.TestMethodWorker.run(TestMethodWorker.java:112)
	at org.testng.TestRunner.privateRun(TestRunner.java:756)
	at org.testng.TestRunner.run(TestRunner.java:610)
	at org.testng.SuiteRunner.runTest(SuiteRunner.java:387)
	at org.testng.SuiteRunner.access$000(SuiteRunner.java:39)
	at org.testng.SuiteRunner$SuiteWorker.run(SuiteRunner.java:421)
	at org.testng.internal.thread.ThreadUtil$2.call(ThreadUtil.java:64)
	at java.util.concurrent.FutureTask.run(FutureTask.java:266)
	at java.util.concurrent.ThreadPoolExecutor.runWorker(ThreadPoolExecutor.java:1142)
	at java.util.concurrent.ThreadPoolExecutor$Worker.run(ThreadPoolExecutor.java:617)
	at java.lang.Thread.run(Thread.java:745)
]]>
    </failure>
  </testcase> <!-- ExploreLinkAndPhotoTest -->
  <testcase name="DetailsDateTest" time="6.288" classname="MainIndependent"/>
  <testcase name="NavigateToDetailsTest" time="8.049" classname="MainIndependent"/>
  <testcase name="AlbumTest" time="32.140" classname="MainIndependent"/>
  <testcase name="AuthorsLinkTest" time="10.084" classname="MainIndependent"/>
</testsuite> <!-- MainIndependent -->
