<?xml version="1.0" encoding="UTF-8"?>
<!-- Generated by org.testng.reporters.JUnitReportReporter -->
<testsuite name="MainIndependent" tests="46" time="431.784" ignored="0" failures="3" timestamp="01 Feb 2017 08:12:15 GMT" skipped="0" hostname="EPBYBREW0280" errors="0">
  <testcase name="SubMenuItemsTest" time="4.436" classname="MainIndependent"/>
  <testcase name="MainMenuItemsTest" time="9.136" classname="MainIndependent"/>
  <testcase name="DetailsDateTest" time="3.915" classname="MainIndependent"/>
  <testcase name="AuthorsLinkTest" time="12.168" classname="MainIndependent"/>
  <testcase name="DetailsTagsTest" time="4.435" classname="MainIndependent"/>
  <testcase name="MainPageTitleTest" time="9.319" classname="MainIndependent"/>
  <testcase name="DetailsAuthorTest" time="4.649" classname="MainIndependent"/>
  <testcase name="GroupsTestRecommendedGroups" time="3.410" classname="MainIndependent"/>
  <testcase name="SubMenuItemsTest" time="9.907" classname="MainIndependent"/>
  <testcase name="NavigateToDetailsTest" time="5.800" classname="MainIndependent"/>
  <testcase name="DetailsTitleTest" time="4.005" classname="MainIndependent"/>
  <testcase name="GalleriesTestItems" time="3.293" classname="MainIndependent"/>
  <testcase name="DetailsFollowTest" time="3.771" classname="MainIndependent"/>
  <testcase name="NavigateToDetailsTest" time="9.878" classname="MainIndependent"/>
  <testcase name="SearchTestUrl" time="6.059" classname="MainIndependent"/>
  <testcase name="MainMenuItemsContTest" time="9.674" classname="MainIndependent"/>
  <testcase name="SearchTestPhoto" time="8.290" classname="MainIndependent"/>
  <testcase name="DetailsTitleTest" time="8.249" classname="MainIndependent"/>
  <testcase name="SearchTestPhoto" time="8.718" classname="MainIndependent">
    <failure type="java.lang.AssertionError" message="Your search returned incorrect results, possibly due Firefox!   expected [true] but found [false]">
      <![CDATA[java.lang.AssertionError: Your search returned incorrect results, possibly due Firefox!   expected [true] but found [false]
	at org.testng.Assert.fail(Assert.java:94)
	at org.testng.Assert.failNotEquals(Assert.java:513)
	at org.testng.Assert.assertEqualsImpl(Assert.java:135)
	at org.testng.Assert.assertEquals(Assert.java:116)
	at org.testng.Assert.assertEquals(Assert.java:305)
	at MainIndependent.SearchTestPhoto(MainIndependent.java:253)
	at sun.reflect.NativeMethodAccessorImpl.invoke0(Native Method)
	at sun.reflect.NativeMethodAccessorImpl.invoke(NativeMethodAccessorImpl.java:62)
	at sun.reflect.DelegatingMethodAccessorImpl.invoke(DelegatingMethodAccessorImpl.java:43)
	at java.lang.reflect.Method.invoke(Method.java:498)
	at org.testng.internal.MethodInvocationHelper.invokeMethod(MethodInvocationHelper.java:104)
	at org.testng.internal.Invoker.invokeMethod(Invoker.java:645)
	at org.testng.internal.Invoker.invokeTestMethod(Invoker.java:851)
	at org.testng.internal.Invoker.invokeTestMethods(Invoker.java:1177)
	at org.testng.internal.TestMethodWorker.invokeTestMethods(TestMethodWorker.java:129)
	at org.testng.internal.TestMethodWorker.run(TestMethodWorker.java:112)
	at org.testng.TestRunner.privateRun(TestRunner.java:756)
	at org.testng.TestRunner.run(TestRunner.java:610)
	at org.testng.SuiteRunner.runTest(SuiteRunner.java:387)
	at org.testng.SuiteRunner.access$000(SuiteRunner.java:39)
	at org.testng.SuiteRunner$SuiteWorker.run(SuiteRunner.java:421)
	at org.testng.internal.thread.ThreadUtil$2.call(ThreadUtil.java:64)
	at java.util.concurrent.FutureTask.run(FutureTask.java:266)
	at java.util.concurrent.ThreadPoolExecutor.runWorker(ThreadPoolExecutor.java:1142)
	at java.util.concurrent.ThreadPoolExecutor$Worker.run(ThreadPoolExecutor.java:617)
	at java.lang.Thread.run(Thread.java:745)
]]>
    </failure>
  </testcase> <!-- SearchTestPhoto -->
  <testcase name="MainMenuItemsTest" time="3.238" classname="MainIndependent"/>
  <testcase name="ExploreLinkAndPhotoTest" time="47.893" classname="MainIndependent">
    <failure type="java.lang.AssertionError" message="Not each photo passes test! expected [97] but found [34]">
      <![CDATA[java.lang.AssertionError: Not each photo passes test! expected [97] but found [34]
	at org.testng.Assert.fail(Assert.java:94)
	at org.testng.Assert.failNotEquals(Assert.java:513)
	at org.testng.Assert.assertEqualsImpl(Assert.java:135)
	at org.testng.Assert.assertEquals(Assert.java:116)
	at org.testng.Assert.assertEquals(Assert.java:389)
	at MainIndependent.ExploreLinkAndPhotoTest(MainIndependent.java:69)
	at sun.reflect.NativeMethodAccessorImpl.invoke0(Native Method)
	at sun.reflect.NativeMethodAccessorImpl.invoke(NativeMethodAccessorImpl.java:62)
	at sun.reflect.DelegatingMethodAccessorImpl.invoke(DelegatingMethodAccessorImpl.java:43)
	at java.lang.reflect.Method.invoke(Method.java:498)
	at org.testng.internal.MethodInvocationHelper.invokeMethod(MethodInvocationHelper.java:104)
	at org.testng.internal.Invoker.invokeMethod(Invoker.java:645)
	at org.testng.internal.Invoker.invokeTestMethod(Invoker.java:851)
	at org.testng.internal.Invoker.invokeTestMethods(Invoker.java:1177)
	at org.testng.internal.TestMethodWorker.invokeTestMethods(TestMethodWorker.java:129)
	at org.testng.internal.TestMethodWorker.run(TestMethodWorker.java:112)
	at org.testng.TestRunner.privateRun(TestRunner.java:756)
	at org.testng.TestRunner.run(TestRunner.java:610)
	at org.testng.SuiteRunner.runTest(SuiteRunner.java:387)
	at org.testng.SuiteRunner.access$000(SuiteRunner.java:39)
	at org.testng.SuiteRunner$SuiteWorker.run(SuiteRunner.java:421)
	at org.testng.internal.thread.ThreadUtil$2.call(ThreadUtil.java:64)
	at java.util.concurrent.FutureTask.run(FutureTask.java:266)
	at java.util.concurrent.ThreadPoolExecutor.runWorker(ThreadPoolExecutor.java:1142)
	at java.util.concurrent.ThreadPoolExecutor$Worker.run(ThreadPoolExecutor.java:617)
	at java.lang.Thread.run(Thread.java:745)
]]>
    </failure>
  </testcase> <!-- ExploreLinkAndPhotoTest -->
  <testcase name="AuthorsLinkTest" time="5.960" classname="MainIndependent"/>
  <testcase name="DetailsTagsTest" time="8.577" classname="MainIndependent"/>
  <testcase name="AlbumTest" time="46.499" classname="MainIndependent"/>
  <testcase name="DetailsNumbersTest" time="4.592" classname="MainIndependent"/>
  <testcase name="GroupsTestURL" time="6.038" classname="MainIndependent"/>
  <testcase name="GalleriesTestItems" time="2.823" classname="MainIndependent"/>
  <testcase name="DetailsNumbersTest" time="7.807" classname="MainIndependent"/>
  <testcase name="GroupsTestRecommendedGroups" time="5.148" classname="MainIndependent"/>
  <testcase name="DetailsCameraTest" time="8.034" classname="MainIndependent"/>
  <testcase name="GroupsTestURL" time="13.984" classname="MainIndependent"/>
  <testcase name="AlbumTest" time="42.278" classname="MainIndependent"/>
  <testcase name="MainMenuItemsContTest" time="2.823" classname="MainIndependent"/>
  <testcase name="DetailsFollowTest" time="8.134" classname="MainIndependent"/>
  <testcase name="GalleriesTestURL" time="8.004" classname="MainIndependent"/>
  <testcase name="ExploreLinkAndPhotoTest" time="25.510" classname="MainIndependent">
    <failure type="java.lang.AssertionError" message="Not each photo passes test! expected [97] but found [34]">
      <![CDATA[java.lang.AssertionError: Not each photo passes test! expected [97] but found [34]
	at org.testng.Assert.fail(Assert.java:94)
	at org.testng.Assert.failNotEquals(Assert.java:513)
	at org.testng.Assert.assertEqualsImpl(Assert.java:135)
	at org.testng.Assert.assertEquals(Assert.java:116)
	at org.testng.Assert.assertEquals(Assert.java:389)
	at MainIndependent.ExploreLinkAndPhotoTest(MainIndependent.java:69)
	at sun.reflect.NativeMethodAccessorImpl.invoke0(Native Method)
	at sun.reflect.NativeMethodAccessorImpl.invoke(NativeMethodAccessorImpl.java:62)
	at sun.reflect.DelegatingMethodAccessorImpl.invoke(DelegatingMethodAccessorImpl.java:43)
	at java.lang.reflect.Method.invoke(Method.java:498)
	at org.testng.internal.MethodInvocationHelper.invokeMethod(MethodInvocationHelper.java:104)
	at org.testng.internal.Invoker.invokeMethod(Invoker.java:645)
	at org.testng.internal.Invoker.invokeTestMethod(Invoker.java:851)
	at org.testng.internal.Invoker.invokeTestMethods(Invoker.java:1177)
	at org.testng.internal.TestMethodWorker.invokeTestMethods(TestMethodWorker.java:129)
	at org.testng.internal.TestMethodWorker.run(TestMethodWorker.java:112)
	at org.testng.TestRunner.privateRun(TestRunner.java:756)
	at org.testng.TestRunner.run(TestRunner.java:610)
	at org.testng.SuiteRunner.runTest(SuiteRunner.java:387)
	at org.testng.SuiteRunner.access$000(SuiteRunner.java:39)
	at org.testng.SuiteRunner$SuiteWorker.run(SuiteRunner.java:421)
	at org.testng.internal.thread.ThreadUtil$2.call(ThreadUtil.java:64)
	at java.util.concurrent.FutureTask.run(FutureTask.java:266)
	at java.util.concurrent.ThreadPoolExecutor.runWorker(ThreadPoolExecutor.java:1142)
	at java.util.concurrent.ThreadPoolExecutor$Worker.run(ThreadPoolExecutor.java:617)
	at java.lang.Thread.run(Thread.java:745)
]]>
    </failure>
  </testcase> <!-- ExploreLinkAndPhotoTest -->
  <testcase name="DetailsCameraTest" time="6.528" classname="MainIndependent"/>
  <testcase name="YouLinkAndNameTest" time="7.852" classname="MainIndependent"/>
  <testcase name="DetailsDateTest" time="8.160" classname="MainIndependent"/>
  <testcase name="DetailsRightsTest" time="4.995" classname="MainIndependent"/>
  <testcase name="GalleriesTestURL" time="3.662" classname="MainIndependent"/>
  <testcase name="DetailsAuthorTest" time="7.638" classname="MainIndependent"/>
  <testcase name="SearchTestUrl" time="2.724" classname="MainIndependent"/>
  <testcase name="MainPageTitleTest" time="2.376" classname="MainIndependent"/>
  <testcase name="DetailsRightsTest" time="7.028" classname="MainIndependent"/>
  <testcase name="YouLinkAndNameTest" time="4.367" classname="MainIndependent"/>
</testsuite> <!-- MainIndependent -->
