<?xml version="1.0" encoding="UTF-8"?>
<!-- Generated by org.testng.reporters.JUnitReportReporter -->
<testsuite name="MainIndependent" tests="46" time="439.725" ignored="0" failures="4" timestamp="06 Feb 2017 11:22:30 GMT" skipped="0" hostname="EPBYBREW0280" errors="0">
  <testcase name="GalleriesTestURL" time="4.878" classname="MainIndependent"/>
  <testcase name="MainPageTitleTest" time="1.971" classname="MainIndependent"/>
  <testcase name="DetailsFollowTest" time="6.703" classname="MainIndependent"/>
  <testcase name="SubMenuItemsTest" time="7.301" classname="MainIndependent"/>
  <testcase name="DetailsDateTest" time="4.488" classname="MainIndependent"/>
  <testcase name="GalleriesTestItems" time="3.209" classname="MainIndependent"/>
  <testcase name="SearchTestUrl" time="4.080" classname="MainIndependent"/>
  <testcase name="YouLinkAndNameTest" time="3.633" classname="MainIndependent"/>
  <testcase name="GalleriesTestItems" time="3.581" classname="MainIndependent"/>
  <testcase name="DetailsNumbersTest" time="3.677" classname="MainIndependent"/>
  <testcase name="GroupsTestURL" time="12.114" classname="MainIndependent"/>
  <testcase name="MainMenuItemsContTest" time="1.976" classname="MainIndependent"/>
  <testcase name="DetailsNumbersTest" time="7.282" classname="MainIndependent"/>
  <testcase name="NavigateToDetailsTest" time="9.742" classname="MainIndependent"/>
  <testcase name="YouLinkAndNameTest" time="9.667" classname="MainIndependent"/>
  <testcase name="ExploreLinkAndPhotoTest" time="55.894" classname="MainIndependent">
    <failure type="java.lang.AssertionError" message="Not each photo passes test! expected [100] but found [41]">
      <![CDATA[java.lang.AssertionError: Not each photo passes test! expected [100] but found [41]
	at org.testng.Assert.fail(Assert.java:94)
	at org.testng.Assert.failNotEquals(Assert.java:513)
	at org.testng.Assert.assertEqualsImpl(Assert.java:135)
	at org.testng.Assert.assertEquals(Assert.java:116)
	at org.testng.Assert.assertEquals(Assert.java:389)
	at MainIndependent.ExploreLinkAndPhotoTest(MainIndependent.java:69)
	at sun.reflect.NativeMethodAccessorImpl.invoke0(Native Method)
	at sun.reflect.NativeMethodAccessorImpl.invoke(NativeMethodAccessorImpl.java:62)
	at sun.reflect.DelegatingMethodAccessorImpl.invoke(DelegatingMethodAccessorImpl.java:43)
	at java.lang.reflect.Method.invoke(Method.java:498)
	at org.testng.internal.MethodInvocationHelper.invokeMethod(MethodInvocationHelper.java:104)
	at org.testng.internal.Invoker.invokeMethod(Invoker.java:645)
	at org.testng.internal.Invoker.invokeTestMethod(Invoker.java:851)
	at org.testng.internal.Invoker.invokeTestMethods(Invoker.java:1177)
	at org.testng.internal.TestMethodWorker.invokeTestMethods(TestMethodWorker.java:129)
	at org.testng.internal.TestMethodWorker.run(TestMethodWorker.java:112)
	at org.testng.TestRunner.privateRun(TestRunner.java:756)
	at org.testng.TestRunner.run(TestRunner.java:610)
	at org.testng.SuiteRunner.runTest(SuiteRunner.java:387)
	at org.testng.SuiteRunner.access$000(SuiteRunner.java:39)
	at org.testng.SuiteRunner$SuiteWorker.run(SuiteRunner.java:421)
	at org.testng.internal.thread.ThreadUtil$2.call(ThreadUtil.java:64)
	at java.util.concurrent.FutureTask.run(FutureTask.java:266)
	at java.util.concurrent.ThreadPoolExecutor.runWorker(ThreadPoolExecutor.java:1142)
	at java.util.concurrent.ThreadPoolExecutor$Worker.run(ThreadPoolExecutor.java:617)
	at java.lang.Thread.run(Thread.java:745)
]]>
    </failure>
  </testcase> <!-- ExploreLinkAndPhotoTest -->
  <testcase name="DetailsDateTest" time="6.987" classname="MainIndependent"/>
  <testcase name="DetailsTagsTest" time="7.817" classname="MainIndependent"/>
  <testcase name="DetailsAuthorTest" time="8.228" classname="MainIndependent"/>
  <testcase name="AuthorsLinkTest" time="6.107" classname="MainIndependent"/>
  <testcase name="DetailsCameraTest" time="4.982" classname="MainIndependent"/>
  <testcase name="MainPageTitleTest" time="5.490" classname="MainIndependent"/>
  <testcase name="DetailsTitleTest" time="6.768" classname="MainIndependent"/>
  <testcase name="SubMenuItemsTest" time="3.677" classname="MainIndependent"/>
  <testcase name="DetailsTitleTest" time="3.529" classname="MainIndependent"/>
  <testcase name="GroupsTestRecommendedGroups" time="3.964" classname="MainIndependent"/>
  <testcase name="DetailsFollowTest" time="4.170" classname="MainIndependent"/>
  <testcase name="SearchTestPhoto" time="7.806" classname="MainIndependent"/>
  <testcase name="MainMenuItemsTest" time="3.282" classname="MainIndependent"/>
  <testcase name="ExploreLinkAndPhotoTest" time="29.254" classname="MainIndependent">
    <failure type="java.lang.AssertionError" message="Not each photo passes test! expected [100] but found [41]">
      <![CDATA[java.lang.AssertionError: Not each photo passes test! expected [100] but found [41]
	at org.testng.Assert.fail(Assert.java:94)
	at org.testng.Assert.failNotEquals(Assert.java:513)
	at org.testng.Assert.assertEqualsImpl(Assert.java:135)
	at org.testng.Assert.assertEquals(Assert.java:116)
	at org.testng.Assert.assertEquals(Assert.java:389)
	at MainIndependent.ExploreLinkAndPhotoTest(MainIndependent.java:69)
	at sun.reflect.NativeMethodAccessorImpl.invoke0(Native Method)
	at sun.reflect.NativeMethodAccessorImpl.invoke(NativeMethodAccessorImpl.java:62)
	at sun.reflect.DelegatingMethodAccessorImpl.invoke(DelegatingMethodAccessorImpl.java:43)
	at java.lang.reflect.Method.invoke(Method.java:498)
	at org.testng.internal.MethodInvocationHelper.invokeMethod(MethodInvocationHelper.java:104)
	at org.testng.internal.Invoker.invokeMethod(Invoker.java:645)
	at org.testng.internal.Invoker.invokeTestMethod(Invoker.java:851)
	at org.testng.internal.Invoker.invokeTestMethods(Invoker.java:1177)
	at org.testng.internal.TestMethodWorker.invokeTestMethods(TestMethodWorker.java:129)
	at org.testng.internal.TestMethodWorker.run(TestMethodWorker.java:112)
	at org.testng.TestRunner.privateRun(TestRunner.java:756)
	at org.testng.TestRunner.run(TestRunner.java:610)
	at org.testng.SuiteRunner.runTest(SuiteRunner.java:387)
	at org.testng.SuiteRunner.access$000(SuiteRunner.java:39)
	at org.testng.SuiteRunner$SuiteWorker.run(SuiteRunner.java:421)
	at org.testng.internal.thread.ThreadUtil$2.call(ThreadUtil.java:64)
	at java.util.concurrent.FutureTask.run(FutureTask.java:266)
	at java.util.concurrent.ThreadPoolExecutor.runWorker(ThreadPoolExecutor.java:1142)
	at java.util.concurrent.ThreadPoolExecutor$Worker.run(ThreadPoolExecutor.java:617)
	at java.lang.Thread.run(Thread.java:745)
]]>
    </failure>
  </testcase> <!-- ExploreLinkAndPhotoTest -->
  <testcase name="DetailsCameraTest" time="6.623" classname="MainIndependent"/>
  <testcase name="AuthorsLinkTest" time="11.693" classname="MainIndependent"/>
  <testcase name="GalleriesTestURL" time="7.482" classname="MainIndependent"/>
  <testcase name="SearchTestPhoto" time="8.607" classname="MainIndependent">
    <failure type="java.lang.AssertionError" message="Your search returned incorrect results, possibly due Firefox!   expected [true] but found [false]">
      <![CDATA[java.lang.AssertionError: Your search returned incorrect results, possibly due Firefox!   expected [true] but found [false]
	at org.testng.Assert.fail(Assert.java:94)
	at org.testng.Assert.failNotEquals(Assert.java:513)
	at org.testng.Assert.assertEqualsImpl(Assert.java:135)
	at org.testng.Assert.assertEquals(Assert.java:116)
	at org.testng.Assert.assertEquals(Assert.java:305)
	at MainIndependent.SearchTestPhoto(MainIndependent.java:253)
	at sun.reflect.NativeMethodAccessorImpl.invoke0(Native Method)
	at sun.reflect.NativeMethodAccessorImpl.invoke(NativeMethodAccessorImpl.java:62)
	at sun.reflect.DelegatingMethodAccessorImpl.invoke(DelegatingMethodAccessorImpl.java:43)
	at java.lang.reflect.Method.invoke(Method.java:498)
	at org.testng.internal.MethodInvocationHelper.invokeMethod(MethodInvocationHelper.java:104)
	at org.testng.internal.Invoker.invokeMethod(Invoker.java:645)
	at org.testng.internal.Invoker.invokeTestMethod(Invoker.java:851)
	at org.testng.internal.Invoker.invokeTestMethods(Invoker.java:1177)
	at org.testng.internal.TestMethodWorker.invokeTestMethods(TestMethodWorker.java:129)
	at org.testng.internal.TestMethodWorker.run(TestMethodWorker.java:112)
	at org.testng.TestRunner.privateRun(TestRunner.java:756)
	at org.testng.TestRunner.run(TestRunner.java:610)
	at org.testng.SuiteRunner.runTest(SuiteRunner.java:387)
	at org.testng.SuiteRunner.access$000(SuiteRunner.java:39)
	at org.testng.SuiteRunner$SuiteWorker.run(SuiteRunner.java:421)
	at org.testng.internal.thread.ThreadUtil$2.call(ThreadUtil.java:64)
	at java.util.concurrent.FutureTask.run(FutureTask.java:266)
	at java.util.concurrent.ThreadPoolExecutor.runWorker(ThreadPoolExecutor.java:1142)
	at java.util.concurrent.ThreadPoolExecutor$Worker.run(ThreadPoolExecutor.java:617)
	at java.lang.Thread.run(Thread.java:745)
]]>
    </failure>
  </testcase> <!-- SearchTestPhoto -->
  <testcase name="DetailsRightsTest" time="6.966" classname="MainIndependent"/>
  <testcase name="AlbumTest" time="39.068" classname="MainIndependent">
    <failure type="java.lang.AssertionError" message="Not each album has all necessary items expected [4] but found [0]">
      <![CDATA[java.lang.AssertionError: Not each album has all necessary items expected [4] but found [0]
	at org.testng.Assert.fail(Assert.java:94)
	at org.testng.Assert.failNotEquals(Assert.java:513)
	at org.testng.Assert.assertEqualsImpl(Assert.java:135)
	at org.testng.Assert.assertEquals(Assert.java:116)
	at org.testng.Assert.assertEquals(Assert.java:389)
	at MainIndependent.AlbumTest(MainIndependent.java:192)
	at sun.reflect.NativeMethodAccessorImpl.invoke0(Native Method)
	at sun.reflect.NativeMethodAccessorImpl.invoke(NativeMethodAccessorImpl.java:62)
	at sun.reflect.DelegatingMethodAccessorImpl.invoke(DelegatingMethodAccessorImpl.java:43)
	at java.lang.reflect.Method.invoke(Method.java:498)
	at org.testng.internal.MethodInvocationHelper.invokeMethod(MethodInvocationHelper.java:104)
	at org.testng.internal.Invoker.invokeMethod(Invoker.java:645)
	at org.testng.internal.Invoker.invokeTestMethod(Invoker.java:851)
	at org.testng.internal.Invoker.invokeTestMethods(Invoker.java:1177)
	at org.testng.internal.TestMethodWorker.invokeTestMethods(TestMethodWorker.java:129)
	at org.testng.internal.TestMethodWorker.run(TestMethodWorker.java:112)
	at org.testng.TestRunner.privateRun(TestRunner.java:756)
	at org.testng.TestRunner.run(TestRunner.java:610)
	at org.testng.SuiteRunner.runTest(SuiteRunner.java:387)
	at org.testng.SuiteRunner.access$000(SuiteRunner.java:39)
	at org.testng.SuiteRunner$SuiteWorker.run(SuiteRunner.java:421)
	at org.testng.internal.thread.ThreadUtil$2.call(ThreadUtil.java:64)
	at java.util.concurrent.FutureTask.run(FutureTask.java:266)
	at java.util.concurrent.ThreadPoolExecutor.runWorker(ThreadPoolExecutor.java:1142)
	at java.util.concurrent.ThreadPoolExecutor$Worker.run(ThreadPoolExecutor.java:617)
	at java.lang.Thread.run(Thread.java:745)
]]>
    </failure>
  </testcase> <!-- AlbumTest -->
  <testcase name="DetailsAuthorTest" time="4.960" classname="MainIndependent"/>
  <testcase name="GroupsTestRecommendedGroups" time="4.169" classname="MainIndependent"/>
  <testcase name="MainMenuItemsContTest" time="6.594" classname="MainIndependent"/>
  <testcase name="GroupsTestURL" time="5.280" classname="MainIndependent"/>
  <testcase name="SearchTestUrl" time="2.187" classname="MainIndependent"/>
  <testcase name="NavigateToDetailsTest" time="5.440" classname="MainIndependent"/>
  <testcase name="AlbumTest" time="73.328" classname="MainIndependent"/>
  <testcase name="MainMenuItemsTest" time="6.817" classname="MainIndependent"/>
  <testcase name="DetailsRightsTest" time="4.390" classname="MainIndependent"/>
  <testcase name="DetailsTagsTest" time="3.864" classname="MainIndependent"/>
</testsuite> <!-- MainIndependent -->
